This is pdfTeX, Version 3.14159265-2.6-1.40.20 (TeX Live 2019/Arch Linux) (preloaded format=pdflatex 2019.9.20)  31 OCT 2019 12:04
entering extended mode
 restricted \write18 enabled.
 %&-line parsing enabled.
**titlepage.tex
(./titlepage.tex
LaTeX2e <2018-12-01>

! LaTeX Error: Environment titlepage undefined.

See the LaTeX manual or LaTeX Companion for explanation.
Type  H <return>  for immediate help.
 ...                                              
                                                  
l.1 \begin{titlepage}
                     
Your command was ignored.
Type  I <command> <return>  to replace it with another command,
or  <return>  to continue without it.


! LaTeX Error: Missing \begin{document}.

See the LaTeX manual or LaTeX Companion for explanation.
Type  H <return>  for immediate help.
 ...                                              
                                                  
l.2 \begin{center}
                  
You're in trouble here.  Try typing  <return>  to proceed.
If that doesn't work, type  X <return>  to quit.


Overfull \hbox (20.0pt too wide) in paragraph at lines 2--2
[] 
 []

! Undefined control sequence.
l.4 {\small
           \textsc{–ù–∏–∂–µ–≥–æ—Ä–æ–¥—Å–∫–∏–π –≥–æ—Å—É–¥–∞—Ä—Å—Ç–≤–µ–Ω–Ω—ã–π...
The control sequence at the end of the top line
of your error message was never \def'ed. If you have
misspelled it (e.g., `\hobx'), type `I' and the correct
spelling (e.g., `I\hbox'). Otherwise just continue,
and I'll forget about whatever was undefined.


! Package inputenc Error: Unicode character –ù (U+041D)
(inputenc)                not set up for use with LaTeX.

See the inputenc package documentation for explanation.
Type  H <return>  for immediate help.
 ...                                              
                                                  
l.4 ...–º–µ–Ω–∏ –ù.\,–ò. –õ–æ–±–∞—á–µ–≤—Å–∫–æ–≥–æ}
                                                  }
You may provide a definition with
\DeclareUnicodeCharacter 


! Package inputenc Error: Unicode character –∏ (U+0438)
(inputenc)                not set up for use with LaTeX.

See the inputenc package documentation for explanation.
Type  H <return>  for immediate help.
 ...                                              
                                                  
l.4 ...–º–µ–Ω–∏ –ù.\,–ò. –õ–æ–±–∞—á–µ–≤—Å–∫–æ–≥–æ}
                                                  }
You may provide a definition with
\DeclareUnicodeCharacter 


! Package inputenc Error: Unicode character –∂ (U+0436)
(inputenc)                not set up for use with LaTeX.

See the inputenc package documentation for explanation.
Type  H <return>  for immediate help.
 ...                                              
                                                  
l.4 ...–º–µ–Ω–∏ –ù.\,–ò. –õ–æ–±–∞—á–µ–≤—Å–∫–æ–≥–æ}
                                                  }
You may provide a definition with
\DeclareUnicodeCharacter 


! Package inputenc Error: Unicode character –µ (U+0435)
(inputenc)                not set up for use with LaTeX.

See the inputenc package documentation for explanation.
Type  H <return>  for immediate help.
 ...                                              
                                                  
l.4 ...–º–µ–Ω–∏ –ù.\,–ò. –õ–æ–±–∞—á–µ–≤—Å–∫–æ–≥–æ}
                                                  }
You may provide a definition with
\DeclareUnicodeCharacter 


! Package inputenc Error: Unicode character –≥ (U+0433)
(inputenc)                not set up for use with LaTeX.

See the inputenc package documentation for explanation.
Type  H <return>  for immediate help.
 ...                                              
                                                  
l.4 ...–º–µ–Ω–∏ –ù.\,–ò. –õ–æ–±–∞—á–µ–≤—Å–∫–æ–≥–æ}
                                                  }
You may provide a definition with
\DeclareUnicodeCharacter 


! Package inputenc Error: Unicode character –æ (U+043E)
(inputenc)                not set up for use with LaTeX.

See the inputenc package documentation for explanation.
Type  H <return>  for immediate help.
 ...                                              
                                                  
l.4 ...–º–µ–Ω–∏ –ù.\,–ò. –õ–æ–±–∞—á–µ–≤—Å–∫–æ–≥–æ}
                                                  }
You may provide a definition with
\DeclareUnicodeCharacter 


! Package inputenc Error: Unicode character —Ä (U+0440)
(inputenc)                not set up for use with LaTeX.

See the inputenc package documentation for explanation.
Type  H <return>  for immediate help.
 ...                                              
                                                  
l.4 ...–º–µ–Ω–∏ –ù.\,–ò. –õ–æ–±–∞—á–µ–≤—Å–∫–æ–≥–æ}
                                                  }
You may provide a definition with
\DeclareUnicodeCharacter 


! Package inputenc Error: Unicode character –æ (U+043E)
(inputenc)                not set up for use with LaTeX.

See the inputenc package documentation for explanation.
Type  H <return>  for immediate help.
 ...                                              
                                                  
l.4 ...–º–µ–Ω–∏ –ù.\,–ò. –õ–æ–±–∞—á–µ–≤—Å–∫–æ–≥–æ}
                                                  }
You may provide a definition with
\DeclareUnicodeCharacter 


! Package inputenc Error: Unicode character –¥ (U+0434)
(inputenc)                not set up for use with LaTeX.

See the inputenc package documentation for explanation.
Type  H <return>  for immediate help.
 ...                                              
                                                  
l.4 ...–º–µ–Ω–∏ –ù.\,–ò. –õ–æ–±–∞—á–µ–≤—Å–∫–æ–≥–æ}
                                                  }
You may provide a definition with
\DeclareUnicodeCharacter 


! Package inputenc Error: Unicode character —Å (U+0441)
(inputenc)                not set up for use with LaTeX.

See the inputenc package documentation for explanation.
Type  H <return>  for immediate help.
 ...                                              
                                                  
l.4 ...–º–µ–Ω–∏ –ù.\,–ò. –õ–æ–±–∞—á–µ–≤—Å–∫–æ–≥–æ}
                                                  }
You may provide a definition with
\DeclareUnicodeCharacter 


! Package inputenc Error: Unicode character –∫ (U+043A)
(inputenc)                not set up for use with LaTeX.

See the inputenc package documentation for explanation.
Type  H <return>  for immediate help.
 ...                                              
                                                  
l.4 ...–º–µ–Ω–∏ –ù.\,–ò. –õ–æ–±–∞—á–µ–≤—Å–∫–æ–≥–æ}
                                                  }
You may provide a definition with
\DeclareUnicodeCharacter 


! Package inputenc Error: Unicode character –∏ (U+0438)
(inputenc)                not set up for use with LaTeX.

See the inputenc package documentation for explanation.
Type  H <return>  for immediate help.
 ...                                              
                                                  
l.4 ...–º–µ–Ω–∏ –ù.\,–ò. –õ–æ–±–∞—á–µ–≤—Å–∫–æ–≥–æ}
                                                  }
You may provide a definition with
\DeclareUnicodeCharacter 


! Package inputenc Error: Unicode character –π (U+0439)
(inputenc)                not set up for use with LaTeX.

See the inputenc package documentation for explanation.
Type  H <return>  for immediate help.
 ...                                              
                                                  
l.4 ...–º–µ–Ω–∏ –ù.\,–ò. –õ–æ–±–∞—á–µ–≤—Å–∫–æ–≥–æ}
                                                  }
You may provide a definition with
\DeclareUnicodeCharacter 


! Package inputenc Error: Unicode character –≥ (U+0433)
(inputenc)                not set up for use with LaTeX.

See the inputenc package documentation for explanation.
Type  H <return>  for immediate help.
 ...                                              
                                                  
l.4 ...–º–µ–Ω–∏ –ù.\,–ò. –õ–æ–±–∞—á–µ–≤—Å–∫–æ–≥–æ}
                                                  }
You may provide a definition with
\DeclareUnicodeCharacter 


! Package inputenc Error: Unicode character –æ (U+043E)
(inputenc)                not set up for use with LaTeX.

See the inputenc package documentation for explanation.
Type  H <return>  for immediate help.
 ...                                              
                                                  
l.4 ...–º–µ–Ω–∏ –ù.\,–ò. –õ–æ–±–∞—á–µ–≤—Å–∫–æ–≥–æ}
                                                  }
You may provide a definition with
\DeclareUnicodeCharacter 


! Package inputenc Error: Unicode character —Å (U+0441)
(inputenc)                not set up for use with LaTeX.

See the inputenc package documentation for explanation.
Type  H <return>  for immediate help.
 ...                                              
                                                  
l.4 ...–º–µ–Ω–∏ –ù.\,–ò. –õ–æ–±–∞—á–µ–≤—Å–∫–æ–≥–æ}
                                                  }
You may provide a definition with
\DeclareUnicodeCharacter 


! Package inputenc Error: Unicode character —É (U+0443)
(inputenc)                not set up for use with LaTeX.

See the inputenc package documentation for explanation.
Type  H <return>  for immediate help.
 ...                                              
                                                  
l.4 ...–º–µ–Ω–∏ –ù.\,–ò. –õ–æ–±–∞—á–µ–≤—Å–∫–æ–≥–æ}
                                                  }
You may provide a definition with
\DeclareUnicodeCharacter 


! Package inputenc Error: Unicode character –¥ (U+0434)
(inputenc)                not set up for use with LaTeX.

See the inputenc package documentation for explanation.
Type  H <return>  for immediate help.
 ...                                              
                                                  
l.4 ...–º–µ–Ω–∏ –ù.\,–ò. –õ–æ–±–∞—á–µ–≤—Å–∫–æ–≥–æ}
                                                  }
You may provide a definition with
\DeclareUnicodeCharacter 


! Package inputenc Error: Unicode character –∞ (U+0430)
(inputenc)                not set up for use with LaTeX.

See the inputenc package documentation for explanation.
Type  H <return>  for immediate help.
 ...                                              
                                                  
l.4 ...–º–µ–Ω–∏ –ù.\,–ò. –õ–æ–±–∞—á–µ–≤—Å–∫–æ–≥–æ}
                                                  }
You may provide a definition with
\DeclareUnicodeCharacter 


! Package inputenc Error: Unicode character —Ä (U+0440)
(inputenc)                not set up for use with LaTeX.

See the inputenc package documentation for explanation.
Type  H <return>  for immediate help.
 ...                                              
                                                  
l.4 ...–º–µ–Ω–∏ –ù.\,–ò. –õ–æ–±–∞—á–µ–≤—Å–∫–æ–≥–æ}
                                                  }
You may provide a definition with
\DeclareUnicodeCharacter 


! Package inputenc Error: Unicode character —Å (U+0441)
(inputenc)                not set up for use with LaTeX.

See the inputenc package documentation for explanation.
Type  H <return>  for immediate help.
 ...                                              
                                                  
l.4 ...–º–µ–Ω–∏ –ù.\,–ò. –õ–æ–±–∞—á–µ–≤—Å–∫–æ–≥–æ}
                                                  }
You may provide a definition with
\DeclareUnicodeCharacter 


! Package inputenc Error: Unicode character —Ç (U+0442)
(inputenc)                not set up for use with LaTeX.

See the inputenc package documentation for explanation.
Type  H <return>  for immediate help.
 ...                                              
                                                  
l.4 ...–º–µ–Ω–∏ –ù.\,–ò. –õ–æ–±–∞—á–µ–≤—Å–∫–æ–≥–æ}
                                                  }
You may provide a definition with
\DeclareUnicodeCharacter 


! Package inputenc Error: Unicode character –≤ (U+0432)
(inputenc)                not set up for use with LaTeX.

See the inputenc package documentation for explanation.
Type  H <return>  for immediate help.
 ...                                              
                                                  
l.4 ...–º–µ–Ω–∏ –ù.\,–ò. –õ–æ–±–∞—á–µ–≤—Å–∫–æ–≥–æ}
                                                  }
You may provide a definition with
\DeclareUnicodeCharacter 


! Package inputenc Error: Unicode character –µ (U+0435)
(inputenc)                not set up for use with LaTeX.

See the inputenc package documentation for explanation.
Type  H <return>  for immediate help.
 ...                                              
                                                  
l.4 ...–º–µ–Ω–∏ –ù.\,–ò. –õ–æ–±–∞—á–µ–≤—Å–∫–æ–≥–æ}
                                                  }
You may provide a definition with
\DeclareUnicodeCharacter 


! Package inputenc Error: Unicode character –Ω (U+043D)
(inputenc)                not set up for use with LaTeX.

See the inputenc package documentation for explanation.
Type  H <return>  for immediate help.
 ...                                              
                                                  
l.4 ...–º–µ–Ω–∏ –ù.\,–ò. –õ–æ–±–∞—á–µ–≤—Å–∫–æ–≥–æ}
                                                  }
You may provide a definition with
\DeclareUnicodeCharacter 


! Package inputenc Error: Unicode character –Ω (U+043D)
(inputenc)                not set up for use with LaTeX.

See the inputenc package documentation for explanation.
Type  H <return>  for immediate help.
 ...                                              
                                                  
l.4 ...–º–µ–Ω–∏ –ù.\,–ò. –õ–æ–±–∞—á–µ–≤—Å–∫–æ–≥–æ}
                                                  }
You may provide a definition with
\DeclareUnicodeCharacter 


! Package inputenc Error: Unicode character —ã (U+044B)
(inputenc)                not set up for use with LaTeX.

See the inputenc package documentation for explanation.
Type  H <return>  for immediate help.
 ...                                              
                                                  
l.4 ...–º–µ–Ω–∏ –ù.\,–ò. –õ–æ–±–∞—á–µ–≤—Å–∫–æ–≥–æ}
                                                  }
You may provide a definition with
\DeclareUnicodeCharacter 


! Package inputenc Error: Unicode character –π (U+0439)
(inputenc)                not set up for use with LaTeX.

See the inputenc package documentation for explanation.
Type  H <return>  for immediate help.
 ...                                              
                                                  
l.4 ...–º–µ–Ω–∏ –ù.\,–ò. –õ–æ–±–∞—á–µ–≤—Å–∫–æ–≥–æ}
                                                  }
You may provide a definition with
\DeclareUnicodeCharacter 


! Package inputenc Error: Unicode character —É (U+0443)
(inputenc)                not set up for use with LaTeX.

See the inputenc package documentation for explanation.
Type  H <return>  for immediate help.
 ...                                              
                                                  
l.4 ...–º–µ–Ω–∏ –ù.\,–ò. –õ–æ–±–∞—á–µ–≤—Å–∫–æ–≥–æ}
                                                  }
You may provide a definition with
\DeclareUnicodeCharacter 


! Package inputenc Error: Unicode character –Ω (U+043D)
(inputenc)                not set up for use with LaTeX.

See the inputenc package documentation for explanation.
Type  H <return>  for immediate help.
 ...                                              
                                                  
l.4 ...–º–µ–Ω–∏ –ù.\,–ò. –õ–æ–±–∞—á–µ–≤—Å–∫–æ–≥–æ}
                                                  }
You may provide a definition with
\DeclareUnicodeCharacter 


! Package inputenc Error: Unicode character –∏ (U+0438)
(inputenc)                not set up for use with LaTeX.

See the inputenc package documentation for explanation.
Type  H <return>  for immediate help.
 ...                                              
                                                  
l.4 ...–º–µ–Ω–∏ –ù.\,–ò. –õ–æ–±–∞—á–µ–≤—Å–∫–æ–≥–æ}
                                                  }
You may provide a definition with
\DeclareUnicodeCharacter 


! Package inputenc Error: Unicode character –≤ (U+0432)
(inputenc)                not set up for use with LaTeX.

See the inputenc package documentation for explanation.
Type  H <return>  for immediate help.
 ...                                              
                                                  
l.4 ...–º–µ–Ω–∏ –ù.\,–ò. –õ–æ–±–∞—á–µ–≤—Å–∫–æ–≥–æ}
                                                  }
You may provide a definition with
\DeclareUnicodeCharacter 


! Package inputenc Error: Unicode character –µ (U+0435)
(inputenc)                not set up for use with LaTeX.

See the inputenc package documentation for explanation.
Type  H <return>  for immediate help.
 ...                                              
                                                  
l.4 ...–º–µ–Ω–∏ –ù.\,–ò. –õ–æ–±–∞—á–µ–≤—Å–∫–æ–≥–æ}
                                                  }
You may provide a definition with
\DeclareUnicodeCharacter 


! Package inputenc Error: Unicode character —Ä (U+0440)
(inputenc)                not set up for use with LaTeX.

See the inputenc package documentation for explanation.
Type  H <return>  for immediate help.
 ...                                              
                                                  
l.4 ...–º–µ–Ω–∏ –ù.\,–ò. –õ–æ–±–∞—á–µ–≤—Å–∫–æ–≥–æ}
                                                  }
You may provide a definition with
\DeclareUnicodeCharacter 


! Package inputenc Error: Unicode character —Å (U+0441)
(inputenc)                not set up for use with LaTeX.

See the inputenc package documentation for explanation.
Type  H <return>  for immediate help.
 ...                                              
                                                  
l.4 ...–º–µ–Ω–∏ –ù.\,–ò. –õ–æ–±–∞—á–µ–≤—Å–∫–æ–≥–æ}
                                                  }
You may provide a definition with
\DeclareUnicodeCharacter 


! Package inputenc Error: Unicode character –∏ (U+0438)
(inputenc)                not set up for use with LaTeX.

See the inputenc package documentation for explanation.
Type  H <return>  for immediate help.
 ...                                              
                                                  
l.4 ...–º–µ–Ω–∏ –ù.\,–ò. –õ–æ–±–∞—á–µ–≤—Å–∫–æ–≥–æ}
                                                  }
You may provide a definition with
\DeclareUnicodeCharacter 


! Package inputenc Error: Unicode character —Ç (U+0442)
(inputenc)                not set up for use with LaTeX.

See the inputenc package documentation for explanation.
Type  H <return>  for immediate help.
 ...                                              
                                                  
l.4 ...–º–µ–Ω–∏ –ù.\,–ò. –õ–æ–±–∞—á–µ–≤—Å–∫–æ–≥–æ}
                                                  }
You may provide a definition with
\DeclareUnicodeCharacter 


! Package inputenc Error: Unicode character –µ (U+0435)
(inputenc)                not set up for use with LaTeX.

See the inputenc package documentation for explanation.
Type  H <return>  for immediate help.
 ...                                              
                                                  
l.4 ...–º–µ–Ω–∏ –ù.\,–ò. –õ–æ–±–∞—á–µ–≤—Å–∫–æ–≥–æ}
                                                  }
You may provide a definition with
\DeclareUnicodeCharacter 


! Package inputenc Error: Unicode character —Ç (U+0442)
(inputenc)                not set up for use with LaTeX.

See the inputenc package documentation for explanation.
Type  H <return>  for immediate help.
 ...                                              
                                                  
l.4 ...–º–µ–Ω–∏ –ù.\,–ò. –õ–æ–±–∞—á–µ–≤—Å–∫–æ–≥–æ}
                                                  }
You may provide a definition with
\DeclareUnicodeCharacter 


! Package inputenc Error: Unicode character –∏ (U+0438)
(inputenc)                not set up for use with LaTeX.

See the inputenc package documentation for explanation.
Type  H <return>  for immediate help.
 ...                                              
                                                  
l.4 ...–º–µ–Ω–∏ –ù.\,–ò. –õ–æ–±–∞—á–µ–≤—Å–∫–æ–≥–æ}
                                                  }
You may provide a definition with
\DeclareUnicodeCharacter 


! Package inputenc Error: Unicode character –º (U+043C)
(inputenc)                not set up for use with LaTeX.

See the inputenc package documentation for explanation.
Type  H <return>  for immediate help.
 ...                                              
                                                  
l.4 ...–º–µ–Ω–∏ –ù.\,–ò. –õ–æ–±–∞—á–µ–≤—Å–∫–æ–≥–æ}
                                                  }
You may provide a definition with
\DeclareUnicodeCharacter 


! Package inputenc Error: Unicode character –µ (U+0435)
(inputenc)                not set up for use with LaTeX.

See the inputenc package documentation for explanation.
Type  H <return>  for immediate help.
 ...                                              
                                                  
l.4 ...–º–µ–Ω–∏ –ù.\,–ò. –õ–æ–±–∞—á–µ–≤—Å–∫–æ–≥–æ}
                                                  }
You may provide a definition with
\DeclareUnicodeCharacter 


! Package inputenc Error: Unicode character –Ω (U+043D)
(inputenc)                not set up for use with LaTeX.

See the inputenc package documentation for explanation.
Type  H <return>  for immediate help.
 ...                                              
                                                  
l.4 ...–º–µ–Ω–∏ –ù.\,–ò. –õ–æ–±–∞—á–µ–≤—Å–∫–æ–≥–æ}
                                                  }
You may provide a definition with
\DeclareUnicodeCharacter 


! Package inputenc Error: Unicode character –∏ (U+0438)
(inputenc)                not set up for use with LaTeX.

See the inputenc package documentation for explanation.
Type  H <return>  for immediate help.
 ...                                              
                                                  
l.4 ...–º–µ–Ω–∏ –ù.\,–ò. –õ–æ–±–∞—á–µ–≤—Å–∫–æ–≥–æ}
                                                  }
You may provide a definition with
\DeclareUnicodeCharacter 


! Package inputenc Error: Unicode character –ù (U+041D)
(inputenc)                not set up for use with LaTeX.

See the inputenc package documentation for explanation.
Type  H <return>  for immediate help.
 ...                                              
                                                  
l.4 ...–º–µ–Ω–∏ –ù.\,–ò. –õ–æ–±–∞—á–µ–≤—Å–∫–æ–≥–æ}
                                                  }
You may provide a definition with
\DeclareUnicodeCharacter 


! Package inputenc Error: Unicode character –ò (U+0418)
(inputenc)                not set up for use with LaTeX.

See the inputenc package documentation for explanation.
Type  H <return>  for immediate help.
 ...                                              
                                                  
l.4 ...–º–µ–Ω–∏ –ù.\,–ò. –õ–æ–±–∞—á–µ–≤—Å–∫–æ–≥–æ}
                                                  }
You may provide a definition with
\DeclareUnicodeCharacter 


! Package inputenc Error: Unicode character –õ (U+041B)
(inputenc)                not set up for use with LaTeX.

See the inputenc package documentation for explanation.
Type  H <return>  for immediate help.
 ...                                              
                                                  
l.4 ...–º–µ–Ω–∏ –ù.\,–ò. –õ–æ–±–∞—á–µ–≤—Å–∫–æ–≥–æ}
                                                  }
You may provide a definition with
\DeclareUnicodeCharacter 


! Package inputenc Error: Unicode character –æ (U+043E)
(inputenc)                not set up for use with LaTeX.

See the inputenc package documentation for explanation.
Type  H <return>  for immediate help.
 ...                                              
                                                  
l.4 ...–º–µ–Ω–∏ –ù.\,–ò. –õ–æ–±–∞—á–µ–≤—Å–∫–æ–≥–æ}
                                                  }
You may provide a definition with
\DeclareUnicodeCharacter 


! Package inputenc Error: Unicode character –± (U+0431)
(inputenc)                not set up for use with LaTeX.

See the inputenc package documentation for explanation.
Type  H <return>  for immediate help.
 ...                                              
                                                  
l.4 ...–º–µ–Ω–∏ –ù.\,–ò. –õ–æ–±–∞—á–µ–≤—Å–∫–æ–≥–æ}
                                                  }
You may provide a definition with
\DeclareUnicodeCharacter 


! Package inputenc Error: Unicode character –∞ (U+0430)
(inputenc)                not set up for use with LaTeX.

See the inputenc package documentation for explanation.
Type  H <return>  for immediate help.
 ...                                              
                                                  
l.4 ...–º–µ–Ω–∏ –ù.\,–ò. –õ–æ–±–∞—á–µ–≤—Å–∫–æ–≥–æ}
                                                  }
You may provide a definition with
\DeclareUnicodeCharacter 


! Package inputenc Error: Unicode character —á (U+0447)
(inputenc)                not set up for use with LaTeX.

See the inputenc package documentation for explanation.
Type  H <return>  for immediate help.
 ...                                              
                                                  
l.4 ...–º–µ–Ω–∏ –ù.\,–ò. –õ–æ–±–∞—á–µ–≤—Å–∫–æ–≥–æ}
                                                  }
You may provide a definition with
\DeclareUnicodeCharacter 


! Package inputenc Error: Unicode character –µ (U+0435)
(inputenc)                not set up for use with LaTeX.

See the inputenc package documentation for explanation.
Type  H <return>  for immediate help.
 ...                                              
                                                  
l.4 ...–º–µ–Ω–∏ –ù.\,–ò. –õ–æ–±–∞—á–µ–≤—Å–∫–æ–≥–æ}
                                                  }
You may provide a definition with
\DeclareUnicodeCharacter 


! Package inputenc Error: Unicode character –≤ (U+0432)
(inputenc)                not set up for use with LaTeX.

See the inputenc package documentation for explanation.
Type  H <return>  for immediate help.
 ...                                              
                                                  
l.4 ...–º–µ–Ω–∏ –ù.\,–ò. –õ–æ–±–∞—á–µ–≤—Å–∫–æ–≥–æ}
                                                  }
You may provide a definition with
\DeclareUnicodeCharacter 


! Package inputenc Error: Unicode character —Å (U+0441)
(inputenc)                not set up for use with LaTeX.

See the inputenc package documentation for explanation.
Type  H <return>  for immediate help.
 ...                                              
                                                  
l.4 ...–º–µ–Ω–∏ –ù.\,–ò. –õ–æ–±–∞—á–µ–≤—Å–∫–æ–≥–æ}
                                                  }
You may provide a definition with
\DeclareUnicodeCharacter 


! Package inputenc Error: Unicode character –∫ (U+043A)
(inputenc)                not set up for use with LaTeX.

See the inputenc package documentation for explanation.
Type  H <return>  for immediate help.
 ...                                              
                                                  
l.4 ...–º–µ–Ω–∏ –ù.\,–ò. –õ–æ–±–∞—á–µ–≤—Å–∫–æ–≥–æ}
                                                  }
You may provide a definition with
\DeclareUnicodeCharacter 


! Package inputenc Error: Unicode character –æ (U+043E)
(inputenc)                not set up for use with LaTeX.

See the inputenc package documentation for explanation.
Type  H <return>  for immediate help.
 ...                                              
                                                  
l.4 ...–º–µ–Ω–∏ –ù.\,–ò. –õ–æ–±–∞—á–µ–≤—Å–∫–æ–≥–æ}
                                                  }
You may provide a definition with
\DeclareUnicodeCharacter 


! Package inputenc Error: Unicode character –≥ (U+0433)
(inputenc)                not set up for use with LaTeX.

See the inputenc package documentation for explanation.
Type  H <return>  for immediate help.
 ...                                              
                                                  
l.4 ...–º–µ–Ω–∏ –ù.\,–ò. –õ–æ–±–∞—á–µ–≤—Å–∫–æ–≥–æ}
                                                  }
You may provide a definition with
\DeclareUnicodeCharacter 


! Package inputenc Error: Unicode character –æ (U+043E)
(inputenc)                not set up for use with LaTeX.

See the inputenc package documentation for explanation.
Type  H <return>  for immediate help.
 ...                                              
                                                  
l.4 ...–º–µ–Ω–∏ –ù.\,–ò. –õ–æ–±–∞—á–µ–≤—Å–∫–æ–≥–æ}
                                                  }
You may provide a definition with
\DeclareUnicodeCharacter 


Overfull \hbox (8.23141pt too wide) in paragraph at lines 4--5
 \OT1/cmr/m/sc/10 .. 
 []

! Undefined control sequence.
l.6 {\small
           \textsc{–†–∞–¥–∏–æ—Ñ–∏–∑–∏—á–µ—Å–∫–∏–π —Ñ–∞–∫—É–ª—å—Ç–µ—Ç}}
The control sequence at the end of the top line
of your error message was never \def'ed. If you have
misspelled it (e.g., `\hobx'), type `I' and the correct
spelling (e.g., `I\hbox'). Otherwise just continue,
and I'll forget about whatever was undefined.


! Package inputenc Error: Unicode character –† (U+0420)
(inputenc)                not set up for use with LaTeX.

See the inputenc package documentation for explanation.
Type  H <return>  for immediate help.
 ...                                              
                                                  
l.6 ...∏–æ—Ñ–∏–∑–∏—á–µ—Å–∫–∏–π —Ñ–∞–∫—É–ª—å—Ç–µ—Ç}
                                                  }
You may provide a definition with
\DeclareUnicodeCharacter 


! Package inputenc Error: Unicode character –∞ (U+0430)
(inputenc)                not set up for use with LaTeX.

See the inputenc package documentation for explanation.
Type  H <return>  for immediate help.
 ...                                              
                                                  
l.6 ...∏–æ—Ñ–∏–∑–∏—á–µ—Å–∫–∏–π —Ñ–∞–∫—É–ª—å—Ç–µ—Ç}
                                                  }
You may provide a definition with
\DeclareUnicodeCharacter 


! Package inputenc Error: Unicode character –¥ (U+0434)
(inputenc)                not set up for use with LaTeX.

See the inputenc package documentation for explanation.
Type  H <return>  for immediate help.
 ...                                              
                                                  
l.6 ...∏–æ—Ñ–∏–∑–∏—á–µ—Å–∫–∏–π —Ñ–∞–∫—É–ª—å—Ç–µ—Ç}
                                                  }
You may provide a definition with
\DeclareUnicodeCharacter 


! Package inputenc Error: Unicode character –∏ (U+0438)
(inputenc)                not set up for use with LaTeX.

See the inputenc package documentation for explanation.
Type  H <return>  for immediate help.
 ...                                              
                                                  
l.6 ...∏–æ—Ñ–∏–∑–∏—á–µ—Å–∫–∏–π —Ñ–∞–∫—É–ª—å—Ç–µ—Ç}
                                                  }
You may provide a definition with
\DeclareUnicodeCharacter 


! Package inputenc Error: Unicode character –æ (U+043E)
(inputenc)                not set up for use with LaTeX.

See the inputenc package documentation for explanation.
Type  H <return>  for immediate help.
 ...                                              
                                                  
l.6 ...∏–æ—Ñ–∏–∑–∏—á–µ—Å–∫–∏–π —Ñ–∞–∫—É–ª—å—Ç–µ—Ç}
                                                  }
You may provide a definition with
\DeclareUnicodeCharacter 


! Package inputenc Error: Unicode character —Ñ (U+0444)
(inputenc)                not set up for use with LaTeX.

See the inputenc package documentation for explanation.
Type  H <return>  for immediate help.
 ...                                              
                                                  
l.6 ...∏–æ—Ñ–∏–∑–∏—á–µ—Å–∫–∏–π —Ñ–∞–∫—É–ª—å—Ç–µ—Ç}
                                                  }
You may provide a definition with
\DeclareUnicodeCharacter 


! Package inputenc Error: Unicode character –∏ (U+0438)
(inputenc)                not set up for use with LaTeX.

See the inputenc package documentation for explanation.
Type  H <return>  for immediate help.
 ...                                              
                                                  
l.6 ...∏–æ—Ñ–∏–∑–∏—á–µ—Å–∫–∏–π —Ñ–∞–∫—É–ª—å—Ç–µ—Ç}
                                                  }
You may provide a definition with
\DeclareUnicodeCharacter 


! Package inputenc Error: Unicode character –∑ (U+0437)
(inputenc)                not set up for use with LaTeX.

See the inputenc package documentation for explanation.
Type  H <return>  for immediate help.
 ...                                              
                                                  
l.6 ...∏–æ—Ñ–∏–∑–∏—á–µ—Å–∫–∏–π —Ñ–∞–∫—É–ª—å—Ç–µ—Ç}
                                                  }
You may provide a definition with
\DeclareUnicodeCharacter 


! Package inputenc Error: Unicode character –∏ (U+0438)
(inputenc)                not set up for use with LaTeX.

See the inputenc package documentation for explanation.
Type  H <return>  for immediate help.
 ...                                              
                                                  
l.6 ...∏–æ—Ñ–∏–∑–∏—á–µ—Å–∫–∏–π —Ñ–∞–∫—É–ª—å—Ç–µ—Ç}
                                                  }
You may provide a definition with
\DeclareUnicodeCharacter 


! Package inputenc Error: Unicode character —á (U+0447)
(inputenc)                not set up for use with LaTeX.

See the inputenc package documentation for explanation.
Type  H <return>  for immediate help.
 ...                                              
                                                  
l.6 ...∏–æ—Ñ–∏–∑–∏—á–µ—Å–∫–∏–π —Ñ–∞–∫—É–ª—å—Ç–µ—Ç}
                                                  }
You may provide a definition with
\DeclareUnicodeCharacter 


! Package inputenc Error: Unicode character –µ (U+0435)
(inputenc)                not set up for use with LaTeX.

See the inputenc package documentation for explanation.
Type  H <return>  for immediate help.
 ...                                              
                                                  
l.6 ...∏–æ—Ñ–∏–∑–∏—á–µ—Å–∫–∏–π —Ñ–∞–∫—É–ª—å—Ç–µ—Ç}
                                                  }
You may provide a definition with
\DeclareUnicodeCharacter 


! Package inputenc Error: Unicode character —Å (U+0441)
(inputenc)                not set up for use with LaTeX.

See the inputenc package documentation for explanation.
Type  H <return>  for immediate help.
 ...                                              
                                                  
l.6 ...∏–æ—Ñ–∏–∑–∏—á–µ—Å–∫–∏–π —Ñ–∞–∫—É–ª—å—Ç–µ—Ç}
                                                  }
You may provide a definition with
\DeclareUnicodeCharacter 


! Package inputenc Error: Unicode character –∫ (U+043A)
(inputenc)                not set up for use with LaTeX.

See the inputenc package documentation for explanation.
Type  H <return>  for immediate help.
 ...                                              
                                                  
l.6 ...∏–æ—Ñ–∏–∑–∏—á–µ—Å–∫–∏–π —Ñ–∞–∫—É–ª—å—Ç–µ—Ç}
                                                  }
You may provide a definition with
\DeclareUnicodeCharacter 


! Package inputenc Error: Unicode character –∏ (U+0438)
(inputenc)                not set up for use with LaTeX.

See the inputenc package documentation for explanation.
Type  H <return>  for immediate help.
 ...                                              
                                                  
l.6 ...∏–æ—Ñ–∏–∑–∏—á–µ—Å–∫–∏–π —Ñ–∞–∫—É–ª—å—Ç–µ—Ç}
                                                  }
You may provide a definition with
\DeclareUnicodeCharacter 


! Package inputenc Error: Unicode character –π (U+0439)
(inputenc)                not set up for use with LaTeX.

See the inputenc package documentation for explanation.
Type  H <return>  for immediate help.
 ...                                              
                                                  
l.6 ...∏–æ—Ñ–∏–∑–∏—á–µ—Å–∫–∏–π —Ñ–∞–∫—É–ª—å—Ç–µ—Ç}
                                                  }
You may provide a definition with
\DeclareUnicodeCharacter 


! Package inputenc Error: Unicode character —Ñ (U+0444)
(inputenc)                not set up for use with LaTeX.

See the inputenc package documentation for explanation.
Type  H <return>  for immediate help.
 ...                                              
                                                  
l.6 ...∏–æ—Ñ–∏–∑–∏—á–µ—Å–∫–∏–π —Ñ–∞–∫—É–ª—å—Ç–µ—Ç}
                                                  }
You may provide a definition with
\DeclareUnicodeCharacter 


! Package inputenc Error: Unicode character –∞ (U+0430)
(inputenc)                not set up for use with LaTeX.

See the inputenc package documentation for explanation.
Type  H <return>  for immediate help.
 ...                                              
                                                  
l.6 ...∏–æ—Ñ–∏–∑–∏—á–µ—Å–∫–∏–π —Ñ–∞–∫—É–ª—å—Ç–µ—Ç}
                                                  }
You may provide a definition with
\DeclareUnicodeCharacter 


! Package inputenc Error: Unicode character –∫ (U+043A)
(inputenc)                not set up for use with LaTeX.

See the inputenc package documentation for explanation.
Type  H <return>  for immediate help.
 ...                                              
                                                  
l.6 ...∏–æ—Ñ–∏–∑–∏—á–µ—Å–∫–∏–π —Ñ–∞–∫—É–ª—å—Ç–µ—Ç}
                                                  }
You may provide a definition with
\DeclareUnicodeCharacter 


! Package inputenc Error: Unicode character —É (U+0443)
(inputenc)                not set up for use with LaTeX.

See the inputenc package documentation for explanation.
Type  H <return>  for immediate help.
 ...                                              
                                                  
l.6 ...∏–æ—Ñ–∏–∑–∏—á–µ—Å–∫–∏–π —Ñ–∞–∫—É–ª—å—Ç–µ—Ç}
                                                  }
You may provide a definition with
\DeclareUnicodeCharacter 


! Package inputenc Error: Unicode character –ª (U+043B)
(inputenc)                not set up for use with LaTeX.

See the inputenc package documentation for explanation.
Type  H <return>  for immediate help.
 ...                                              
                                                  
l.6 ...∏–æ—Ñ–∏–∑–∏—á–µ—Å–∫–∏–π —Ñ–∞–∫—É–ª—å—Ç–µ—Ç}
                                                  }
You may provide a definition with
\DeclareUnicodeCharacter 


! Package inputenc Error: Unicode character —å (U+044C)
(inputenc)                not set up for use with LaTeX.

See the inputenc package documentation for explanation.
Type  H <return>  for immediate help.
 ...                                              
                                                  
l.6 ...∏–æ—Ñ–∏–∑–∏—á–µ—Å–∫–∏–π —Ñ–∞–∫—É–ª—å—Ç–µ—Ç}
                                                  }
You may provide a definition with
\DeclareUnicodeCharacter 


! Package inputenc Error: Unicode character —Ç (U+0442)
(inputenc)                not set up for use with LaTeX.

See the inputenc package documentation for explanation.
Type  H <return>  for immediate help.
 ...                                              
                                                  
l.6 ...∏–æ—Ñ–∏–∑–∏—á–µ—Å–∫–∏–π —Ñ–∞–∫—É–ª—å—Ç–µ—Ç}
                                                  }
You may provide a definition with
\DeclareUnicodeCharacter 


! Package inputenc Error: Unicode character –µ (U+0435)
(inputenc)                not set up for use with LaTeX.

See the inputenc package documentation for explanation.
Type  H <return>  for immediate help.
 ...                                              
                                                  
l.6 ...∏–æ—Ñ–∏–∑–∏—á–µ—Å–∫–∏–π —Ñ–∞–∫—É–ª—å—Ç–µ—Ç}
                                                  }
You may provide a definition with
\DeclareUnicodeCharacter 


! Package inputenc Error: Unicode character —Ç (U+0442)
(inputenc)                not set up for use with LaTeX.

See the inputenc package documentation for explanation.
Type  H <return>  for immediate help.
 ...                                              
                                                  
l.6 ...∏–æ—Ñ–∏–∑–∏—á–µ—Å–∫–∏–π —Ñ–∞–∫—É–ª—å—Ç–µ—Ç}
                                                  }
You may provide a definition with
\DeclareUnicodeCharacter 

! Undefined control sequence.
l.11 {{\large
              –û—Ç—á–µ—Ç –ø–æ –ª–∞–±–æ—Ä–∞—Ç–æ—Ä–Ω–æ–π —Ä–∞–±–æ—Ç–µ ‚Ññ\labn...
The control sequence at the end of the top line
of your error message was never \def'ed. If you have
misspelled it (e.g., `\hobx'), type `I' and the correct
spelling (e.g., `I\hbox'). Otherwise just continue,
and I'll forget about whatever was undefined.


! Package inputenc Error: Unicode character –û (U+041E)
(inputenc)                not set up for use with LaTeX.

See the inputenc package documentation for explanation.
Type  H <return>  for immediate help.
 ...                                              
                                                  
l.11 {{\large –û
                —Ç—á–µ—Ç –ø–æ –ª–∞–±–æ—Ä–∞—Ç–æ—Ä–Ω–æ–π —Ä–∞–±–æ—Ç–µ ‚Ññ\labn...

You may provide a definition with
\DeclareUnicodeCharacter 


! Package inputenc Error: Unicode character —Ç (U+0442)
(inputenc)                not set up for use with LaTeX.

See the inputenc package documentation for explanation.
Type  H <return>  for immediate help.
 ...                                              
                                                  
l.11 {{\large –û—Ç
                  —á–µ—Ç –ø–æ –ª–∞–±–æ—Ä–∞—Ç–æ—Ä–Ω–æ–π —Ä–∞–±–æ—Ç–µ ‚Ññ\labn...

You may provide a definition with
\DeclareUnicodeCharacter 


! Package inputenc Error: Unicode character —á (U+0447)
(inputenc)                not set up for use with LaTeX.

See the inputenc package documentation for explanation.
Type  H <return>  for immediate help.
 ...                                              
                                                  
l.11 {{\large –û—Ç—á
                    –µ—Ç –ø–æ –ª–∞–±–æ—Ä–∞—Ç–æ—Ä–Ω–æ–π —Ä–∞–±–æ—Ç–µ ‚Ññ\labn...

You may provide a definition with
\DeclareUnicodeCharacter 


! Package inputenc Error: Unicode character –µ (U+0435)
(inputenc)                not set up for use with LaTeX.

See the inputenc package documentation for explanation.
Type  H <return>  for immediate help.
 ...                                              
                                                  
l.11 {{\large –û—Ç—á–µ
                      —Ç –ø–æ –ª–∞–±–æ—Ä–∞—Ç–æ—Ä–Ω–æ–π —Ä–∞–±–æ—Ç–µ ‚Ññ\labn...

You may provide a definition with
\DeclareUnicodeCharacter 


! Package inputenc Error: Unicode character —Ç (U+0442)
(inputenc)                not set up for use with LaTeX.

See the inputenc package documentation for explanation.
Type  H <return>  for immediate help.
 ...                                              
                                                  
l.11 {{\large –û—Ç—á–µ—Ç
                         –ø–æ –ª–∞–±–æ—Ä–∞—Ç–æ—Ä–Ω–æ–π —Ä–∞–±–æ—Ç–µ ‚Ññ\labn...

You may provide a definition with
\DeclareUnicodeCharacter 


! Package inputenc Error: Unicode character –ø (U+043F)
(inputenc)                not set up for use with LaTeX.

See the inputenc package documentation for explanation.
Type  H <return>  for immediate help.
 ...                                              
                                                  
l.11 {{\large –û—Ç—á–µ—Ç –ø
                           –æ –ª–∞–±–æ—Ä–∞—Ç–æ—Ä–Ω–æ–π —Ä–∞–±–æ—Ç–µ ‚Ññ\labn...

You may provide a definition with
\DeclareUnicodeCharacter 


! Package inputenc Error: Unicode character –æ (U+043E)
(inputenc)                not set up for use with LaTeX.

See the inputenc package documentation for explanation.
Type  H <return>  for immediate help.
 ...                                              
                                                  
l.11 {{\large –û—Ç—á–µ—Ç –ø–æ
                              –ª–∞–±–æ—Ä–∞—Ç–æ—Ä–Ω–æ–π —Ä–∞–±–æ—Ç–µ ‚Ññ\labn...

You may provide a definition with
\DeclareUnicodeCharacter 


! Package inputenc Error: Unicode character –ª (U+043B)
(inputenc)                not set up for use with LaTeX.

See the inputenc package documentation for explanation.
Type  H <return>  for immediate help.
 ...                                              
                                                  
l.11 {{\large –û—Ç—á–µ—Ç –ø–æ –ª
                                –∞–±–æ—Ä–∞—Ç–æ—Ä–Ω–æ–π —Ä–∞–±–æ—Ç–µ ‚Ññ\labn...

You may provide a definition with
\DeclareUnicodeCharacter 


! Package inputenc Error: Unicode character –∞ (U+0430)
(inputenc)                not set up for use with LaTeX.

See the inputenc package documentation for explanation.
Type  H <return>  for immediate help.
 ...                                              
                                                  
l.11 {{\large –û—Ç—á–µ—Ç –ø–æ –ª–∞
                                  –±–æ—Ä–∞—Ç–æ—Ä–Ω–æ–π —Ä–∞–±–æ—Ç–µ ‚Ññ\labn...

You may provide a definition with
\DeclareUnicodeCharacter 


! Package inputenc Error: Unicode character –± (U+0431)
(inputenc)                not set up for use with LaTeX.

See the inputenc package documentation for explanation.
Type  H <return>  for immediate help.
 ...                                              
                                                  
l.11 {{\large –û—Ç—á–µ—Ç –ø–æ –ª–∞–±
                                    –æ—Ä–∞—Ç–æ—Ä–Ω–æ–π —Ä–∞–±–æ—Ç–µ ‚Ññ\labn...

You may provide a definition with
\DeclareUnicodeCharacter 


! Package inputenc Error: Unicode character –æ (U+043E)
(inputenc)                not set up for use with LaTeX.

See the inputenc package documentation for explanation.
Type  H <return>  for immediate help.
 ...                                              
                                                  
l.11 {{\large –û—Ç—á–µ—Ç –ø–æ –ª–∞–±–æ
                                      —Ä–∞—Ç–æ—Ä–Ω–æ–π —Ä–∞–±–æ—Ç–µ ‚Ññ\labn...

You may provide a definition with
\DeclareUnicodeCharacter 


! Package inputenc Error: Unicode character —Ä (U+0440)
(inputenc)                not set up for use with LaTeX.

See the inputenc package documentation for explanation.
Type  H <return>  for immediate help.
 ...                                              
                                                  
l.11 {{\large –û—Ç—á–µ—Ç –ø–æ –ª–∞–±–æ—Ä
                                        –∞—Ç–æ—Ä–Ω–æ–π —Ä–∞–±–æ—Ç–µ ‚Ññ\labn...

You may provide a definition with
\DeclareUnicodeCharacter 


! Package inputenc Error: Unicode character –∞ (U+0430)
(inputenc)                not set up for use with LaTeX.

See the inputenc package documentation for explanation.
Type  H <return>  for immediate help.
 ...                                              
                                                  
l.11 {{\large –û—Ç—á–µ—Ç –ø–æ –ª–∞–±–æ—Ä–∞
                                          —Ç–æ—Ä–Ω–æ–π —Ä–∞–±–æ—Ç–µ ‚Ññ\labn...

You may provide a definition with
\DeclareUnicodeCharacter 


! Package inputenc Error: Unicode character —Ç (U+0442)
(inputenc)                not set up for use with LaTeX.

See the inputenc package documentation for explanation.
Type  H <return>  for immediate help.
 ...                                              
                                                  
l.11 {{\large –û—Ç—á–µ—Ç –ø–æ –ª–∞–±–æ—Ä–∞—Ç
                                            –æ—Ä–Ω–æ–π —Ä–∞–±–æ—Ç–µ ‚Ññ\labn...

You may provide a definition with
\DeclareUnicodeCharacter 


! Package inputenc Error: Unicode character –æ (U+043E)
(inputenc)                not set up for use with LaTeX.

See the inputenc package documentation for explanation.
Type  H <return>  for immediate help.
 ...                                              
                                                  
l.11 {{\large –û—Ç—á–µ—Ç –ø–æ –ª–∞–±–æ—Ä–∞—Ç–æ
                                              —Ä–Ω–æ–π —Ä–∞–±–æ—Ç–µ ‚Ññ\labn...

You may provide a definition with
\DeclareUnicodeCharacter 


! Package inputenc Error: Unicode character —Ä (U+0440)
(inputenc)                not set up for use with LaTeX.

See the inputenc package documentation for explanation.
Type  H <return>  for immediate help.
 ...                                              
                                                  
l.11 {{\large –û—Ç—á–µ—Ç –ø–æ –ª–∞–±–æ—Ä–∞—Ç–æ—Ä
                                                –Ω–æ–π —Ä–∞–±–æ—Ç–µ ‚Ññ\labn...

You may provide a definition with
\DeclareUnicodeCharacter 


! Package inputenc Error: Unicode character –Ω (U+043D)
(inputenc)                not set up for use with LaTeX.

See the inputenc package documentation for explanation.
Type  H <return>  for immediate help.
 ...                                              
                                                  
l.11 {{\large –û—Ç—á–µ—Ç –ø–æ –ª–∞–±–æ—Ä–∞—Ç–æ—Ä–Ω
                                                  –æ–π —Ä–∞–±–æ—Ç–µ ‚Ññ\labn...

You may provide a definition with
\DeclareUnicodeCharacter 


! Package inputenc Error: Unicode character –æ (U+043E)
(inputenc)                not set up for use with LaTeX.

See the inputenc package documentation for explanation.
Type  H <return>  for immediate help.
 ...                                              
                                                  
l.11 ...rge –û—Ç—á–µ—Ç –ø–æ –ª–∞–±–æ—Ä–∞—Ç–æ—Ä–Ω–æ
                                                  –π —Ä–∞–±–æ—Ç–µ ‚Ññ\labnum...

You may provide a definition with
\DeclareUnicodeCharacter 


! Package inputenc Error: Unicode character –π (U+0439)
(inputenc)                not set up for use with LaTeX.

See the inputenc package documentation for explanation.
Type  H <return>  for immediate help.
 ...                                              
                                                  
l.11 ...e –û—Ç—á–µ—Ç –ø–æ –ª–∞–±–æ—Ä–∞—Ç–æ—Ä–Ω–æ–π
                                                   —Ä–∞–±–æ—Ç–µ ‚Ññ\labnumbe...

You may provide a definition with
\DeclareUnicodeCharacter 


! Package inputenc Error: Unicode character —Ä (U+0440)
(inputenc)                not set up for use with LaTeX.

See the inputenc package documentation for explanation.
Type  H <return>  for immediate help.
 ...                                              
                                                  
l.11 ...û—Ç—á–µ—Ç –ø–æ –ª–∞–±–æ—Ä–∞—Ç–æ—Ä–Ω–æ–π —Ä
                                                  –∞–±–æ—Ç–µ ‚Ññ\labnumber}\...

You may provide a definition with
\DeclareUnicodeCharacter 


! Package inputenc Error: Unicode character –∞ (U+0430)
(inputenc)                not set up for use with LaTeX.

See the inputenc package documentation for explanation.
Type  H <return>  for immediate help.
 ...                                              
                                                  
l.11 ...Ç—á–µ—Ç –ø–æ –ª–∞–±–æ—Ä–∞—Ç–æ—Ä–Ω–æ–π —Ä–∞
                                                  –±–æ—Ç–µ ‚Ññ\labnumber}\vs...

You may provide a definition with
\DeclareUnicodeCharacter 


! Package inputenc Error: Unicode character –± (U+0431)
(inputenc)                not set up for use with LaTeX.

See the inputenc package documentation for explanation.
Type  H <return>  for immediate help.
 ...                                              
                                                  
l.11 ...á–µ—Ç –ø–æ –ª–∞–±–æ—Ä–∞—Ç–æ—Ä–Ω–æ–π —Ä–∞–±
                                                  –æ—Ç–µ ‚Ññ\labnumber}\vski...

You may provide a definition with
\DeclareUnicodeCharacter 


! Package inputenc Error: Unicode character –æ (U+043E)
(inputenc)                not set up for use with LaTeX.

See the inputenc package documentation for explanation.
Type  H <return>  for immediate help.
 ...                                              
                                                  
l.11 ...µ—Ç –ø–æ –ª–∞–±–æ—Ä–∞—Ç–æ—Ä–Ω–æ–π —Ä–∞–±–æ
                                                  —Ç–µ ‚Ññ\labnumber}\vskip ...

You may provide a definition with
\DeclareUnicodeCharacter 


! Package inputenc Error: Unicode character —Ç (U+0442)
(inputenc)                not set up for use with LaTeX.

See the inputenc package documentation for explanation.
Type  H <return>  for immediate help.
 ...                                              
                                                  
l.11 ...Ç –ø–æ –ª–∞–±–æ—Ä–∞—Ç–æ—Ä–Ω–æ–π —Ä–∞–±–æ—Ç
                                                  –µ ‚Ññ\labnumber}\vskip 12...

You may provide a definition with
\DeclareUnicodeCharacter 


! Package inputenc Error: Unicode character –µ (U+0435)
(inputenc)                not set up for use with LaTeX.

See the inputenc package documentation for explanation.
Type  H <return>  for immediate help.
 ...                                              
                                                  
l.11 ...–ø–æ –ª–∞–±–æ—Ä–∞—Ç–æ—Ä–Ω–æ–π —Ä–∞–±–æ—Ç–µ
                                                   ‚Ññ\labnumber}\vskip 12pt...

You may provide a definition with
\DeclareUnicodeCharacter 


! Package inputenc Error: Unicode character ‚Ññ (U+2116)
(inputenc)                not set up for use with LaTeX.

See the inputenc package documentation for explanation.
Type  H <return>  for immediate help.
 ...                                              
                                                  
l.11 ... –ª–∞–±–æ—Ä–∞—Ç–æ—Ä–Ω–æ–π —Ä–∞–±–æ—Ç–µ ‚Ññ
                                                  \labnumber}\vskip 12pt {\L...

You may provide a definition with
\DeclareUnicodeCharacter 

! Undefined control sequence.
l.11 ...Ä–∞—Ç–æ—Ä–Ω–æ–π —Ä–∞–±–æ—Ç–µ ‚Ññ\labnumber
                                                  }\vskip 12pt {\LARGE \bfse...
The control sequence at the end of the top line
of your error message was never \def'ed. If you have
misspelled it (e.g., `\hobx'), type `I' and the correct
spelling (e.g., `I\hbox'). Otherwise just continue,
and I'll forget about whatever was undefined.

! Undefined control sequence.
l.11 ...–±–æ—Ç–µ ‚Ññ\labnumber}\vskip 12pt {\LARGE
                                                   \bfseries \labtheme}}
The control sequence at the end of the top line
of your error message was never \def'ed. If you have
misspelled it (e.g., `\hobx'), type `I' and the correct
spelling (e.g., `I\hbox'). Otherwise just continue,
and I'll forget about whatever was undefined.

! Undefined control sequence.
l.11 ...er}\vskip 12pt {\LARGE \bfseries \labtheme
                                                  }}
The control sequence at the end of the top line
of your error message was never \def'ed. If you have
misspelled it (e.g., `\hobx'), type `I' and the correct
spelling (e.g., `I\hbox'). Otherwise just continue,
and I'll forget about whatever was undefined.

! Undefined control sequence.
l.15 {\large
             –†–∞–±–æ—Ç—É –≤—ã–ø–æ–ª–Ω–∏–ª–∏ —Å—Ç—É–¥–µ–Ω—Ç—ã \\[-0.25em] \l...
The control sequence at the end of the top line
of your error message was never \def'ed. If you have
misspelled it (e.g., `\hobx'), type `I' and the correct
spelling (e.g., `I\hbox'). Otherwise just continue,
and I'll forget about whatever was undefined.


! Package inputenc Error: Unicode character –† (U+0420)
(inputenc)                not set up for use with LaTeX.

See the inputenc package documentation for explanation.
Type  H <return>  for immediate help.
 ...                                              
                                                  
l.15 {\large –†
               –∞–±–æ—Ç—É –≤—ã–ø–æ–ª–Ω–∏–ª–∏ —Å—Ç—É–¥–µ–Ω—Ç—ã \\[-0.25em] \l...

You may provide a definition with
\DeclareUnicodeCharacter 


! Package inputenc Error: Unicode character –∞ (U+0430)
(inputenc)                not set up for use with LaTeX.

See the inputenc package documentation for explanation.
Type  H <return>  for immediate help.
 ...                                              
                                                  
l.15 {\large –†–∞
                 –±–æ—Ç—É –≤—ã–ø–æ–ª–Ω–∏–ª–∏ —Å—Ç—É–¥–µ–Ω—Ç—ã \\[-0.25em] \l...

You may provide a definition with
\DeclareUnicodeCharacter 


! Package inputenc Error: Unicode character –± (U+0431)
(inputenc)                not set up for use with LaTeX.

See the inputenc package documentation for explanation.
Type  H <return>  for immediate help.
 ...                                              
                                                  
l.15 {\large –†–∞–±
                   –æ—Ç—É –≤—ã–ø–æ–ª–Ω–∏–ª–∏ —Å—Ç—É–¥–µ–Ω—Ç—ã \\[-0.25em] \l...

You may provide a definition with
\DeclareUnicodeCharacter 


! Package inputenc Error: Unicode character –æ (U+043E)
(inputenc)                not set up for use with LaTeX.

See the inputenc package documentation for explanation.
Type  H <return>  for immediate help.
 ...                                              
                                                  
l.15 {\large –†–∞–±–æ
                     —Ç—É –≤—ã–ø–æ–ª–Ω–∏–ª–∏ —Å—Ç—É–¥–µ–Ω—Ç—ã \\[-0.25em] \l...

You may provide a definition with
\DeclareUnicodeCharacter 


! Package inputenc Error: Unicode character —Ç (U+0442)
(inputenc)                not set up for use with LaTeX.

See the inputenc package documentation for explanation.
Type  H <return>  for immediate help.
 ...                                              
                                                  
l.15 {\large –†–∞–±–æ—Ç
                       —É –≤—ã–ø–æ–ª–Ω–∏–ª–∏ —Å—Ç—É–¥–µ–Ω—Ç—ã \\[-0.25em] \l...

You may provide a definition with
\DeclareUnicodeCharacter 


! Package inputenc Error: Unicode character —É (U+0443)
(inputenc)                not set up for use with LaTeX.

See the inputenc package documentation for explanation.
Type  H <return>  for immediate help.
 ...                                              
                                                  
l.15 {\large –†–∞–±–æ—Ç—É
                          –≤—ã–ø–æ–ª–Ω–∏–ª–∏ —Å—Ç—É–¥–µ–Ω—Ç—ã \\[-0.25em] \l...

You may provide a definition with
\DeclareUnicodeCharacter 


! Package inputenc Error: Unicode character –≤ (U+0432)
(inputenc)                not set up for use with LaTeX.

See the inputenc package documentation for explanation.
Type  H <return>  for immediate help.
 ...                                              
                                                  
l.15 {\large –†–∞–±–æ—Ç—É –≤
                            —ã–ø–æ–ª–Ω–∏–ª–∏ —Å—Ç—É–¥–µ–Ω—Ç—ã \\[-0.25em] \l...

You may provide a definition with
\DeclareUnicodeCharacter 


! Package inputenc Error: Unicode character —ã (U+044B)
(inputenc)                not set up for use with LaTeX.

See the inputenc package documentation for explanation.
Type  H <return>  for immediate help.
 ...                                              
                                                  
l.15 {\large –†–∞–±–æ—Ç—É –≤—ã
                              –ø–æ–ª–Ω–∏–ª–∏ —Å—Ç—É–¥–µ–Ω—Ç—ã \\[-0.25em] \l...

You may provide a definition with
\DeclareUnicodeCharacter 


! Package inputenc Error: Unicode character –ø (U+043F)
(inputenc)                not set up for use with LaTeX.

See the inputenc package documentation for explanation.
Type  H <return>  for immediate help.
 ...                                              
                                                  
l.15 {\large –†–∞–±–æ—Ç—É –≤—ã–ø
                                –æ–ª–Ω–∏–ª–∏ —Å—Ç—É–¥–µ–Ω—Ç—ã \\[-0.25em] \l...

You may provide a definition with
\DeclareUnicodeCharacter 


! Package inputenc Error: Unicode character –æ (U+043E)
(inputenc)                not set up for use with LaTeX.

See the inputenc package documentation for explanation.
Type  H <return>  for immediate help.
 ...                                              
                                                  
l.15 {\large –†–∞–±–æ—Ç—É –≤—ã–ø–æ
                                  –ª–Ω–∏–ª–∏ —Å—Ç—É–¥–µ–Ω—Ç—ã \\[-0.25em] \l...

You may provide a definition with
\DeclareUnicodeCharacter 


! Package inputenc Error: Unicode character –ª (U+043B)
(inputenc)                not set up for use with LaTeX.

See the inputenc package documentation for explanation.
Type  H <return>  for immediate help.
 ...                                              
                                                  
l.15 {\large –†–∞–±–æ—Ç—É –≤—ã–ø–æ–ª
                                    –Ω–∏–ª–∏ —Å—Ç—É–¥–µ–Ω—Ç—ã \\[-0.25em] \l...

You may provide a definition with
\DeclareUnicodeCharacter 


! Package inputenc Error: Unicode character –Ω (U+043D)
(inputenc)                not set up for use with LaTeX.

See the inputenc package documentation for explanation.
Type  H <return>  for immediate help.
 ...                                              
                                                  
l.15 {\large –†–∞–±–æ—Ç—É –≤—ã–ø–æ–ª–Ω
                                      –∏–ª–∏ —Å—Ç—É–¥–µ–Ω—Ç—ã \\[-0.25em] \l...

You may provide a definition with
\DeclareUnicodeCharacter 


! Package inputenc Error: Unicode character –∏ (U+0438)
(inputenc)                not set up for use with LaTeX.

See the inputenc package documentation for explanation.
Type  H <return>  for immediate help.
 ...                                              
                                                  
l.15 {\large –†–∞–±–æ—Ç—É –≤—ã–ø–æ–ª–Ω–∏
                                        –ª–∏ —Å—Ç—É–¥–µ–Ω—Ç—ã \\[-0.25em] \l...

You may provide a definition with
\DeclareUnicodeCharacter 


! Package inputenc Error: Unicode character –ª (U+043B)
(inputenc)                not set up for use with LaTeX.

See the inputenc package documentation for explanation.
Type  H <return>  for immediate help.
 ...                                              
                                                  
l.15 {\large –†–∞–±–æ—Ç—É –≤—ã–ø–æ–ª–Ω–∏–ª
                                          –∏ —Å—Ç—É–¥–µ–Ω—Ç—ã \\[-0.25em] \l...

You may provide a definition with
\DeclareUnicodeCharacter 


! Package inputenc Error: Unicode character –∏ (U+0438)
(inputenc)                not set up for use with LaTeX.

See the inputenc package documentation for explanation.
Type  H <return>  for immediate help.
 ...                                              
                                                  
l.15 {\large –†–∞–±–æ—Ç—É –≤—ã–ø–æ–ª–Ω–∏–ª–∏
                                             —Å—Ç—É–¥–µ–Ω—Ç—ã \\[-0.25em] \l...

You may provide a definition with
\DeclareUnicodeCharacter 


! Package inputenc Error: Unicode character —Å (U+0441)
(inputenc)                not set up for use with LaTeX.

See the inputenc package documentation for explanation.
Type  H <return>  for immediate help.
 ...                                              
                                                  
l.15 {\large –†–∞–±–æ—Ç—É –≤—ã–ø–æ–ª–Ω–∏–ª–∏ —Å
                                               —Ç—É–¥–µ–Ω—Ç—ã \\[-0.25em] \l...

You may provide a definition with
\DeclareUnicodeCharacter 


! Package inputenc Error: Unicode character —Ç (U+0442)
(inputenc)                not set up for use with LaTeX.

See the inputenc package documentation for explanation.
Type  H <return>  for immediate help.
 ...                                              
                                                  
l.15 {\large –†–∞–±–æ—Ç—É –≤—ã–ø–æ–ª–Ω–∏–ª–∏ —Å—Ç
                                                 —É–¥–µ–Ω—Ç—ã \\[-0.25em] \l...

You may provide a definition with
\DeclareUnicodeCharacter 


! Package inputenc Error: Unicode character —É (U+0443)
(inputenc)                not set up for use with LaTeX.

See the inputenc package documentation for explanation.
Type  H <return>  for immediate help.
 ...                                              
                                                  
l.15 ...rge –†–∞–±–æ—Ç—É –≤—ã–ø–æ–ª–Ω–∏–ª–∏ —Å—Ç—É
                                                  –¥–µ–Ω—Ç—ã \\[-0.25em] \la...

You may provide a definition with
\DeclareUnicodeCharacter 


! Package inputenc Error: Unicode character –¥ (U+0434)
(inputenc)                not set up for use with LaTeX.

See the inputenc package documentation for explanation.
Type  H <return>  for immediate help.
 ...                                              
                                                  
l.15 ...e –†–∞–±–æ—Ç—É –≤—ã–ø–æ–ª–Ω–∏–ª–∏ —Å—Ç—É–¥
                                                  –µ–Ω—Ç—ã \\[-0.25em] \labg...

You may provide a definition with
\DeclareUnicodeCharacter 


! Package inputenc Error: Unicode character –µ (U+0435)
(inputenc)                not set up for use with LaTeX.

See the inputenc package documentation for explanation.
Type  H <return>  for immediate help.
 ...                                              
                                                  
l.15 ...–†–∞–±–æ—Ç—É –≤—ã–ø–æ–ª–Ω–∏–ª–∏ —Å—Ç—É–¥–µ
                                                  –Ω—Ç—ã \\[-0.25em] \labgro...

You may provide a definition with
\DeclareUnicodeCharacter 


! Package inputenc Error: Unicode character –Ω (U+043D)
(inputenc)                not set up for use with LaTeX.

See the inputenc package documentation for explanation.
Type  H <return>  for immediate help.
 ...                                              
                                                  
l.15 ...–∞–±–æ—Ç—É –≤—ã–ø–æ–ª–Ω–∏–ª–∏ —Å—Ç—É–¥–µ–Ω
                                                  —Ç—ã \\[-0.25em] \labgroup...

You may provide a definition with
\DeclareUnicodeCharacter 


! Package inputenc Error: Unicode character —Ç (U+0442)
(inputenc)                not set up for use with LaTeX.

See the inputenc package documentation for explanation.
Type  H <return>  for immediate help.
 ...                                              
                                                  
l.15 ...–±–æ—Ç—É –≤—ã–ø–æ–ª–Ω–∏–ª–∏ —Å—Ç—É–¥–µ–Ω—Ç
                                                  —ã \\[-0.25em] \labgroup –...

You may provide a definition with
\DeclareUnicodeCharacter 


! Package inputenc Error: Unicode character —ã (U+044B)
(inputenc)                not set up for use with LaTeX.

See the inputenc package documentation for explanation.
Type  H <return>  for immediate help.
 ...                                              
                                                  
l.15 ...–æ—Ç—É –≤—ã–ø–æ–ª–Ω–∏–ª–∏ —Å—Ç—É–¥–µ–Ω—Ç—ã
                                                   \\[-0.25em] \labgroup –≥—...

You may provide a definition with
\DeclareUnicodeCharacter 


! LaTeX Error: There's no line here to end.

See the LaTeX manual or LaTeX Companion for explanation.
Type  H <return>  for immediate help.
 ...                                              
                                                  
l.15 ...Ç—É –≤—ã–ø–æ–ª–Ω–∏–ª–∏ —Å—Ç—É–¥–µ–Ω—Ç—ã \\
                                                  [-0.25em] \labgroup –≥—Ä—É...

Your command was ignored.
Type  I <command> <return>  to replace it with another command,
or  <return>  to continue without it.

! Undefined control sequence.
l.15 ...ª–∏ —Å—Ç—É–¥–µ–Ω—Ç—ã \\[-0.25em] \labgroup
                                                   –≥—Ä—É–ø–ø—ã —Ä–∞–¥–∏–æ—Ñ...
The control sequence at the end of the top line
of your error message was never \def'ed. If you have
misspelled it (e.g., `\hobx'), type `I' and the correct
spelling (e.g., `I\hbox'). Otherwise just continue,
and I'll forget about whatever was undefined.


! Package inputenc Error: Unicode character –≥ (U+0433)
(inputenc)                not set up for use with LaTeX.

See the inputenc package documentation for explanation.
Type  H <return>  for immediate help.
 ...                                              
                                                  
l.15 ... —Å—Ç—É–¥–µ–Ω—Ç—ã \\[-0.25em] \labgroup –≥
                                                  —Ä—É–ø–ø—ã —Ä–∞–¥–∏–æ—Ñ–∏–...

You may provide a definition with
\DeclareUnicodeCharacter 


! Package inputenc Error: Unicode character —Ä (U+0440)
(inputenc)                not set up for use with LaTeX.

See the inputenc package documentation for explanation.
Type  H <return>  for immediate help.
 ...                                              
                                                  
l.15 ...Å—Ç—É–¥–µ–Ω—Ç—ã \\[-0.25em] \labgroup –≥—Ä
                                                  —É–ø–ø—ã —Ä–∞–¥–∏–æ—Ñ–∏–∑–...

You may provide a definition with
\DeclareUnicodeCharacter 


! Package inputenc Error: Unicode character —É (U+0443)
(inputenc)                not set up for use with LaTeX.

See the inputenc package documentation for explanation.
Type  H <return>  for immediate help.
 ...                                              
                                                  
l.15 ...Ç—É–¥–µ–Ω—Ç—ã \\[-0.25em] \labgroup –≥—Ä—É
                                                  –ø–ø—ã —Ä–∞–¥–∏–æ—Ñ–∏–∑–∏—...

You may provide a definition with
\DeclareUnicodeCharacter 


! Package inputenc Error: Unicode character –ø (U+043F)
(inputenc)                not set up for use with LaTeX.

See the inputenc package documentation for explanation.
Type  H <return>  for immediate help.
 ...                                              
                                                  
l.15 ...É–¥–µ–Ω—Ç—ã \\[-0.25em] \labgroup –≥—Ä—É–ø
                                                  –ø—ã —Ä–∞–¥–∏–æ—Ñ–∏–∑–∏—á–...

You may provide a definition with
\DeclareUnicodeCharacter 


! Package inputenc Error: Unicode character –ø (U+043F)
(inputenc)                not set up for use with LaTeX.

See the inputenc package documentation for explanation.
Type  H <return>  for immediate help.
 ...                                              
                                                  
l.15 ...¥–µ–Ω—Ç—ã \\[-0.25em] \labgroup –≥—Ä—É–ø–ø
                                                  —ã —Ä–∞–¥–∏–æ—Ñ–∏–∑–∏—á–µ—...

You may provide a definition with
\DeclareUnicodeCharacter 


! Package inputenc Error: Unicode character —ã (U+044B)
(inputenc)                not set up for use with LaTeX.

See the inputenc package documentation for explanation.
Type  H <return>  for immediate help.
 ...                                              
                                                  
l.15 ...µ–Ω—Ç—ã \\[-0.25em] \labgroup –≥—Ä—É–ø–ø—ã
                                                   —Ä–∞–¥–∏–æ—Ñ–∏–∑–∏—á–µ—Å–...

You may provide a definition with
\DeclareUnicodeCharacter 


! Package inputenc Error: Unicode character —Ä (U+0440)
(inputenc)                not set up for use with LaTeX.

See the inputenc package documentation for explanation.
Type  H <return>  for immediate help.
 ...                                              
                                                  
l.15 ...—Ç—ã \\[-0.25em] \labgroup –≥—Ä—É–ø–ø—ã —Ä
                                                  –∞–¥–∏–æ—Ñ–∏–∑–∏—á–µ—Å–∫–æ...

You may provide a definition with
\DeclareUnicodeCharacter 


! Package inputenc Error: Unicode character –∞ (U+0430)
(inputenc)                not set up for use with LaTeX.

See the inputenc package documentation for explanation.
Type  H <return>  for immediate help.
 ...                                              
                                                  
l.15 ...—ã \\[-0.25em] \labgroup –≥—Ä—É–ø–ø—ã —Ä–∞
                                                  –¥–∏–æ—Ñ–∏–∑–∏—á–µ—Å–∫–æ–≥...

You may provide a definition with
\DeclareUnicodeCharacter 


! Package inputenc Error: Unicode character –¥ (U+0434)
(inputenc)                not set up for use with LaTeX.

See the inputenc package documentation for explanation.
Type  H <return>  for immediate help.
 ...                                              
                                                  
l.15 ... \\[-0.25em] \labgroup –≥—Ä—É–ø–ø—ã —Ä–∞–¥
                                                  –∏–æ—Ñ–∏–∑–∏—á–µ—Å–∫–æ–≥–æ...

You may provide a definition with
\DeclareUnicodeCharacter 


! Package inputenc Error: Unicode character –∏ (U+0438)
(inputenc)                not set up for use with LaTeX.

See the inputenc package documentation for explanation.
Type  H <return>  for immediate help.
 ...                                              
                                                  
l.15 ...\[-0.25em] \labgroup –≥—Ä—É–ø–ø—ã —Ä–∞–¥–∏
                                                  –æ—Ñ–∏–∑–∏—á–µ—Å–∫–æ–≥–æ —...

You may provide a definition with
\DeclareUnicodeCharacter 


! Package inputenc Error: Unicode character –æ (U+043E)
(inputenc)                not set up for use with LaTeX.

See the inputenc package documentation for explanation.
Type  H <return>  for immediate help.
 ...                                              
                                                  
l.15 ...-0.25em] \labgroup –≥—Ä—É–ø–ø—ã —Ä–∞–¥–∏–æ
                                                  —Ñ–∏–∑–∏—á–µ—Å–∫–æ–≥–æ —Ñ–...

You may provide a definition with
\DeclareUnicodeCharacter 


! Package inputenc Error: Unicode character —Ñ (U+0444)
(inputenc)                not set up for use with LaTeX.

See the inputenc package documentation for explanation.
Type  H <return>  for immediate help.
 ...                                              
                                                  
l.15 ....25em] \labgroup –≥—Ä—É–ø–ø—ã —Ä–∞–¥–∏–æ—Ñ
                                                  –∏–∑–∏—á–µ—Å–∫–æ–≥–æ —Ñ–∞–...

You may provide a definition with
\DeclareUnicodeCharacter 


! Package inputenc Error: Unicode character –∏ (U+0438)
(inputenc)                not set up for use with LaTeX.

See the inputenc package documentation for explanation.
Type  H <return>  for immediate help.
 ...                                              
                                                  
l.15 ...5em] \labgroup –≥—Ä—É–ø–ø—ã —Ä–∞–¥–∏–æ—Ñ–∏
                                                  –∑–∏—á–µ—Å–∫–æ–≥–æ —Ñ–∞–∫—...

You may provide a definition with
\DeclareUnicodeCharacter 


! Package inputenc Error: Unicode character –∑ (U+0437)
(inputenc)                not set up for use with LaTeX.

See the inputenc package documentation for explanation.
Type  H <return>  for immediate help.
 ...                                              
                                                  
l.15 ...m] \labgroup –≥—Ä—É–ø–ø—ã —Ä–∞–¥–∏–æ—Ñ–∏–∑
                                                  –∏—á–µ—Å–∫–æ–≥–æ —Ñ–∞–∫—É–...

You may provide a definition with
\DeclareUnicodeCharacter 


! Package inputenc Error: Unicode character –∏ (U+0438)
(inputenc)                not set up for use with LaTeX.

See the inputenc package documentation for explanation.
Type  H <return>  for immediate help.
 ...                                              
                                                  
l.15 ... \labgroup –≥—Ä—É–ø–ø—ã —Ä–∞–¥–∏–æ—Ñ–∏–∑–∏
                                                  —á–µ—Å–∫–æ–≥–æ —Ñ–∞–∫—É–ª—...

You may provide a definition with
\DeclareUnicodeCharacter 


! Package inputenc Error: Unicode character —á (U+0447)
(inputenc)                not set up for use with LaTeX.

See the inputenc package documentation for explanation.
Type  H <return>  for immediate help.
 ...                                              
                                                  
l.15 ...labgroup –≥—Ä—É–ø–ø—ã —Ä–∞–¥–∏–æ—Ñ–∏–∑–∏—á
                                                  –µ—Å–∫–æ–≥–æ —Ñ–∞–∫—É–ª—å—...

You may provide a definition with
\DeclareUnicodeCharacter 


! Package inputenc Error: Unicode character –µ (U+0435)
(inputenc)                not set up for use with LaTeX.

See the inputenc package documentation for explanation.
Type  H <return>  for immediate help.
 ...                                              
                                                  
l.15 ...bgroup –≥—Ä—É–ø–ø—ã —Ä–∞–¥–∏–æ—Ñ–∏–∑–∏—á–µ
                                                  —Å–∫–æ–≥–æ —Ñ–∞–∫—É–ª—å—Ç–...

You may provide a definition with
\DeclareUnicodeCharacter 


! Package inputenc Error: Unicode character —Å (U+0441)
(inputenc)                not set up for use with LaTeX.

See the inputenc package documentation for explanation.
Type  H <return>  for immediate help.
 ...                                              
                                                  
l.15 ...roup –≥—Ä—É–ø–ø—ã —Ä–∞–¥–∏–æ—Ñ–∏–∑–∏—á–µ—Å
                                                  –∫–æ–≥–æ —Ñ–∞–∫—É–ª—å—Ç–∞—...

You may provide a definition with
\DeclareUnicodeCharacter 


! Package inputenc Error: Unicode character –∫ (U+043A)
(inputenc)                not set up for use with LaTeX.

See the inputenc package documentation for explanation.
Type  H <return>  for immediate help.
 ...                                              
                                                  
l.15 ...up –≥—Ä—É–ø–ø—ã —Ä–∞–¥–∏–æ—Ñ–∏–∑–∏—á–µ—Å–∫
                                                  –æ–≥–æ —Ñ–∞–∫—É–ª—å—Ç–∞—Ç–...

You may provide a definition with
\DeclareUnicodeCharacter 


! Package inputenc Error: Unicode character –æ (U+043E)
(inputenc)                not set up for use with LaTeX.

See the inputenc package documentation for explanation.
Type  H <return>  for immediate help.
 ...                                              
                                                  
l.15 ... –≥—Ä—É–ø–ø—ã —Ä–∞–¥–∏–æ—Ñ–∏–∑–∏—á–µ—Å–∫–æ
                                                  –≥–æ —Ñ–∞–∫—É–ª—å—Ç–∞—Ç–∞ ...

You may provide a definition with
\DeclareUnicodeCharacter 


! Package inputenc Error: Unicode character –≥ (U+0433)
(inputenc)                not set up for use with LaTeX.

See the inputenc package documentation for explanation.
Type  H <return>  for immediate help.
 ...                                              
                                                  
l.15 ...≥—Ä—É–ø–ø—ã —Ä–∞–¥–∏–æ—Ñ–∏–∑–∏—á–µ—Å–∫–æ–≥
                                                  –æ —Ñ–∞–∫—É–ª—å—Ç–∞—Ç–∞ \\...

You may provide a definition with
\DeclareUnicodeCharacter 


! Package inputenc Error: Unicode character –æ (U+043E)
(inputenc)                not set up for use with LaTeX.

See the inputenc package documentation for explanation.
Type  H <return>  for immediate help.
 ...                                              
                                                  
l.15 ...Ä—É–ø–ø—ã —Ä–∞–¥–∏–æ—Ñ–∏–∑–∏—á–µ—Å–∫–æ–≥–æ
                                                   —Ñ–∞–∫—É–ª—å—Ç–∞—Ç–∞ \\[0...

You may provide a definition with
\DeclareUnicodeCharacter 


! Package inputenc Error: Unicode character —Ñ (U+0444)
(inputenc)                not set up for use with LaTeX.

See the inputenc package documentation for explanation.
Type  H <return>  for immediate help.
 ...                                              
                                                  
l.15 ...–ø–ø—ã —Ä–∞–¥–∏–æ—Ñ–∏–∑–∏—á–µ—Å–∫–æ–≥–æ —Ñ
                                                  –∞–∫—É–ª—å—Ç–∞—Ç–∞ \\[0.5e...

You may provide a definition with
\DeclareUnicodeCharacter 


! Package inputenc Error: Unicode character –∞ (U+0430)
(inputenc)                not set up for use with LaTeX.

See the inputenc package documentation for explanation.
Type  H <return>  for immediate help.
 ...                                              
                                                  
l.15 ...–ø—ã —Ä–∞–¥–∏–æ—Ñ–∏–∑–∏—á–µ—Å–∫–æ–≥–æ —Ñ–∞
                                                  –∫—É–ª—å—Ç–∞—Ç–∞ \\[0.5em]...

You may provide a definition with
\DeclareUnicodeCharacter 


! Package inputenc Error: Unicode character –∫ (U+043A)
(inputenc)                not set up for use with LaTeX.

See the inputenc package documentation for explanation.
Type  H <return>  for immediate help.
 ...                                              
                                                  
l.15 ...—ã —Ä–∞–¥–∏–æ—Ñ–∏–∑–∏—á–µ—Å–∫–æ–≥–æ —Ñ–∞–∫
                                                  —É–ª—å—Ç–∞—Ç–∞ \\[0.5em] {...

You may provide a definition with
\DeclareUnicodeCharacter 


! Package inputenc Error: Unicode character —É (U+0443)
(inputenc)                not set up for use with LaTeX.

See the inputenc package documentation for explanation.
Type  H <return>  for immediate help.
 ...                                              
                                                  
l.15 ... —Ä–∞–¥–∏–æ—Ñ–∏–∑–∏—á–µ—Å–∫–æ–≥–æ —Ñ–∞–∫—É
                                                  –ª—å—Ç–∞—Ç–∞ \\[0.5em] {\L...

You may provide a definition with
\DeclareUnicodeCharacter 


! Package inputenc Error: Unicode character –ª (U+043B)
(inputenc)                not set up for use with LaTeX.

See the inputenc package documentation for explanation.
Type  H <return>  for immediate help.
 ...                                              
                                                  
l.15 ...Ä–∞–¥–∏–æ—Ñ–∏–∑–∏—á–µ—Å–∫–æ–≥–æ —Ñ–∞–∫—É–ª
                                                  —å—Ç–∞—Ç–∞ \\[0.5em] {\Lar...

You may provide a definition with
\DeclareUnicodeCharacter 


! Package inputenc Error: Unicode character —å (U+044C)
(inputenc)                not set up for use with LaTeX.

See the inputenc package documentation for explanation.
Type  H <return>  for immediate help.
 ...                                              
                                                  
l.15 ...∞–¥–∏–æ—Ñ–∏–∑–∏—á–µ—Å–∫–æ–≥–æ —Ñ–∞–∫—É–ª—å
                                                  —Ç–∞—Ç–∞ \\[0.5em] {\Large...

You may provide a definition with
\DeclareUnicodeCharacter 


! Package inputenc Error: Unicode character —Ç (U+0442)
(inputenc)                not set up for use with LaTeX.

See the inputenc package documentation for explanation.
Type  H <return>  for immediate help.
 ...                                              
                                                  
l.15 ...¥–∏–æ—Ñ–∏–∑–∏—á–µ—Å–∫–æ–≥–æ —Ñ–∞–∫—É–ª—å—Ç
                                                  –∞—Ç–∞ \\[0.5em] {\Large \...

You may provide a definition with
\DeclareUnicodeCharacter 


! Package inputenc Error: Unicode character –∞ (U+0430)
(inputenc)                not set up for use with LaTeX.

See the inputenc package documentation for explanation.
Type  H <return>  for immediate help.
 ...                                              
                                                  
l.15 ...∏–æ—Ñ–∏–∑–∏—á–µ—Å–∫–æ–≥–æ —Ñ–∞–∫—É–ª—å—Ç–∞
                                                  —Ç–∞ \\[0.5em] {\Large \bf...

You may provide a definition with
\DeclareUnicodeCharacter 


! Package inputenc Error: Unicode character —Ç (U+0442)
(inputenc)                not set up for use with LaTeX.

See the inputenc package documentation for explanation.
Type  H <return>  for immediate help.
 ...                                              
                                                  
l.15 ...æ—Ñ–∏–∑–∏—á–µ—Å–∫–æ–≥–æ —Ñ–∞–∫—É–ª—å—Ç–∞—Ç
                                                  –∞ \\[0.5em] {\Large \bfse...

You may provide a definition with
\DeclareUnicodeCharacter 


! Package inputenc Error: Unicode character –∞ (U+0430)
(inputenc)                not set up for use with LaTeX.

See the inputenc package documentation for explanation.
Type  H <return>  for immediate help.
 ...                                              
                                                  
l.15 ...Ñ–∏–∑–∏—á–µ—Å–∫–æ–≥–æ —Ñ–∞–∫—É–ª—å—Ç–∞—Ç–∞
                                                   \\[0.5em] {\Large \bfseri...

You may provide a definition with
\DeclareUnicodeCharacter 


! LaTeX Error: There's no line here to end.

See the LaTeX manual or LaTeX Companion for explanation.
Type  H <return>  for immediate help.
 ...                                              
                                                  
l.15 ...–∑–∏—á–µ—Å–∫–æ–≥–æ —Ñ–∞–∫—É–ª—å—Ç–∞—Ç–∞ \\
                                                  [0.5em] {\Large \bfseries ...

Your command was ignored.
Type  I <command> <return>  to replace it with another command,
or  <return>  to continue without it.

! Undefined control sequence.
l.15 ...≥–æ —Ñ–∞–∫—É–ª—å—Ç–∞—Ç–∞ \\[0.5em] {\Large
                                                   \bfseries \labauthors}}
The control sequence at the end of the top line
of your error message was never \def'ed. If you have
misspelled it (e.g., `\hobx'), type `I' and the correct
spelling (e.g., `I\hbox'). Otherwise just continue,
and I'll forget about whatever was undefined.

! Undefined control sequence.
l.15 ...–∞ \\[0.5em] {\Large \bfseries \labauthors
                                                  }}
The control sequence at the end of the top line
of your error message was never \def'ed. If you have
misspelled it (e.g., `\hobx'), type `I' and the correct
spelling (e.g., `I\hbox'). Otherwise just continue,
and I'll forget about whatever was undefined.


Overfull \hbox (20.0pt too wide) in paragraph at lines 32--32
[] 
 []


! Package inputenc Error: Unicode character –ù (U+041D)
(inputenc)                not set up for use with LaTeX.

See the inputenc package documentation for explanation.
Type  H <return>  for immediate help.
 ...                                              
                                                  
l.33 	{–ù
         –∏–∂–Ω–∏–π –ù–æ–≤–≥–æ—Ä–æ–¥, \labstartdate -- \today}
You may provide a definition with
\DeclareUnicodeCharacter 


! Package inputenc Error: Unicode character –∏ (U+0438)
(inputenc)                not set up for use with LaTeX.

See the inputenc package documentation for explanation.
Type  H <return>  for immediate help.
 ...                                              
                                                  
l.33 	{–ù–∏
           –∂–Ω–∏–π –ù–æ–≤–≥–æ—Ä–æ–¥, \labstartdate -- \today}
You may provide a definition with
\DeclareUnicodeCharacter 


! Package inputenc Error: Unicode character –∂ (U+0436)
(inputenc)                not set up for use with LaTeX.

See the inputenc package documentation for explanation.
Type  H <return>  for immediate help.
 ...                                              
                                                  
l.33 	{–ù–∏–∂
             –Ω–∏–π –ù–æ–≤–≥–æ—Ä–æ–¥, \labstartdate -- \today}
You may provide a definition with
\DeclareUnicodeCharacter 


! Package inputenc Error: Unicode character –Ω (U+043D)
(inputenc)                not set up for use with LaTeX.

See the inputenc package documentation for explanation.
Type  H <return>  for immediate help.
 ...                                              
                                                  
l.33 	{–ù–∏–∂–Ω
               –∏–π –ù–æ–≤–≥–æ—Ä–æ–¥, \labstartdate -- \today}
You may provide a definition with
\DeclareUnicodeCharacter 


! Package inputenc Error: Unicode character –∏ (U+0438)
(inputenc)                not set up for use with LaTeX.

See the inputenc package documentation for explanation.
Type  H <return>  for immediate help.
 ...                                              
                                                  
l.33 	{–ù–∏–∂–Ω–∏
                 –π –ù–æ–≤–≥–æ—Ä–æ–¥, \labstartdate -- \today}
You may provide a definition with
\DeclareUnicodeCharacter 


! Package inputenc Error: Unicode character –π (U+0439)
(inputenc)                not set up for use with LaTeX.

See the inputenc package documentation for explanation.
Type  H <return>  for immediate help.
 ...                                              
                                                  
l.33 	{–ù–∏–∂–Ω–∏–π
                    –ù–æ–≤–≥–æ—Ä–æ–¥, \labstartdate -- \today}
You may provide a definition with
\DeclareUnicodeCharacter 


! Package inputenc Error: Unicode character –ù (U+041D)
(inputenc)                not set up for use with LaTeX.

See the inputenc package documentation for explanation.
Type  H <return>  for immediate help.
 ...                                              
                                                  
l.33 	{–ù–∏–∂–Ω–∏–π –ù
                      –æ–≤–≥–æ—Ä–æ–¥, \labstartdate -- \today}
You may provide a definition with
\DeclareUnicodeCharacter 


! Package inputenc Error: Unicode character –æ (U+043E)
(inputenc)                not set up for use with LaTeX.

See the inputenc package documentation for explanation.
Type  H <return>  for immediate help.
 ...                                              
                                                  
l.33 	{–ù–∏–∂–Ω–∏–π –ù–æ
                        –≤–≥–æ—Ä–æ–¥, \labstartdate -- \today}
You may provide a definition with
\DeclareUnicodeCharacter 


! Package inputenc Error: Unicode character –≤ (U+0432)
(inputenc)                not set up for use with LaTeX.

See the inputenc package documentation for explanation.
Type  H <return>  for immediate help.
 ...                                              
                                                  
l.33 	{–ù–∏–∂–Ω–∏–π –ù–æ–≤
                          –≥–æ—Ä–æ–¥, \labstartdate -- \today}
You may provide a definition with
\DeclareUnicodeCharacter 


! Package inputenc Error: Unicode character –≥ (U+0433)
(inputenc)                not set up for use with LaTeX.

See the inputenc package documentation for explanation.
Type  H <return>  for immediate help.
 ...                                              
                                                  
l.33 	{–ù–∏–∂–Ω–∏–π –ù–æ–≤–≥
                            –æ—Ä–æ–¥, \labstartdate -- \today}
You may provide a definition with
\DeclareUnicodeCharacter 


! Package inputenc Error: Unicode character –æ (U+043E)
(inputenc)                not set up for use with LaTeX.

See the inputenc package documentation for explanation.
Type  H <return>  for immediate help.
 ...                                              
                                                  
l.33 	{–ù–∏–∂–Ω–∏–π –ù–æ–≤–≥–æ
                              —Ä–æ–¥, \labstartdate -- \today}
You may provide a definition with
\DeclareUnicodeCharacter 


! Package inputenc Error: Unicode character —Ä (U+0440)
(inputenc)                not set up for use with LaTeX.

See the inputenc package documentation for explanation.
Type  H <return>  for immediate help.
 ...                                              
                                                  
l.33 	{–ù–∏–∂–Ω–∏–π –ù–æ–≤–≥–æ—Ä
                                –æ–¥, \labstartdate -- \today}
You may provide a definition with
\DeclareUnicodeCharacter 


! Package inputenc Error: Unicode character –æ (U+043E)
(inputenc)                not set up for use with LaTeX.

See the inputenc package documentation for explanation.
Type  H <return>  for immediate help.
 ...                                              
                                                  
l.33 	{–ù–∏–∂–Ω–∏–π –ù–æ–≤–≥–æ—Ä–æ
                                  –¥, \labstartdate -- \today}
You may provide a definition with
\DeclareUnicodeCharacter 


! Package inputenc Error: Unicode character –¥ (U+0434)
(inputenc)                not set up for use with LaTeX.

See the inputenc package documentation for explanation.
Type  H <return>  for immediate help.
 ...                                              
                                                  
l.33 	{–ù–∏–∂–Ω–∏–π –ù–æ–≤–≥–æ—Ä–æ–¥
                                    , \labstartdate -- \today}
You may provide a definition with
\DeclareUnicodeCharacter 

Missing character: There is no , in font nullfont!
! Undefined control sequence.
l.33 ...–∏–∂–Ω–∏–π –ù–æ–≤–≥–æ—Ä–æ–¥, \labstartdate
                                                   -- \today}
The control sequence at the end of the top line
of your error message was never \def'ed. If you have
misspelled it (e.g., `\hobx'), type `I' and the correct
spelling (e.g., `I\hbox'). Otherwise just continue,
and I'll forget about whatever was undefined.

Missing character: There is no - in font nullfont!
Missing character: There is no - in font nullfont!
! Undefined control sequence.
l.33 ... –ù–æ–≤–≥–æ—Ä–æ–¥, \labstartdate -- \today
                                                  }
The control sequence at the end of the top line
of your error message was never \def'ed. If you have
misspelled it (e.g., `\hobx'), type `I' and the correct
spelling (e.g., `I\hbox'). Otherwise just continue,
and I'll forget about whatever was undefined.


! LaTeX Error: \begin{document} ended by \end{titlepage}.

See the LaTeX manual or LaTeX Companion for explanation.
Type  H <return>  for immediate help.
 ...                                              
                                                  
l.36 \end{titlepage}
                    
Your command was ignored.
Type  I <command> <return>  to replace it with another command,
or  <return>  to continue without it.

)
! Emergency stop.
<*> titlepage.tex
                 
*** (job aborted, no legal \end found)

 
Here is how much of TeX's memory you used:
 41 strings out of 492623
 356 string characters out of 6135669
 57053 words of memory out of 5000000
 4052 multiletter control sequences out of 15000+600000
 4249 words of font info for 16 fonts, out of 8000000 for 9000
 1141 hyphenation exceptions out of 8191
 13i,1n,11p,219b,145s stack positions out of 5000i,500n,10000p,200000b,80000s
!  ==> Fatal error occurred, no output PDF file produced!
